D:\DESKTOP\FASM\FASM\DEBUG\OPERATIONSONSELECTEDLINES.OBJ
D:\DESKTOP\FASM\FASM\DEBUG\OPERATIONSONSELECTEDLINES.COD
D:\DESKTOP\FASM\FASM\DEBUG\READINGINIFILE.OBJ
D:\DESKTOP\FASM\FASM\DEBUG\READINGINIFILE.COD
D:\DESKTOP\FASM\FASM\DEBUG\WNDCLASS.OBJ
D:\DESKTOP\FASM\FASM\DEBUG\WNDCLASS.COD
D:\DESKTOP\FASM\FASM\DEBUG\VC110.PDB
D:\DESKTOP\FASM\FASM\DEBUG\MAIN.COD
D:\DESKTOP\FASM\FASM\DEBUG\MAIN.OBJ
D:\DESKTOP\FASM\DEBUG\JAEEDITOR.ILK
D:\DESKTOP\FASM\DEBUG\JAEEDITOR.EXE
D:\DESKTOP\FASM\DEBUG\JAEEDITOR.PDB
D:\DESKTOP\FASM\FASM\DEBUG\MAIN_RCFILE.RES
D:\Desktop\Fasm\Fasm\Debug\Main.obj
D:\Desktop\Fasm\Fasm\Debug\OperationsOnSelectedLines.obj
D:\Desktop\Fasm\Fasm\Debug\ReadingIniFile.obj
D:\Desktop\Fasm\Fasm\Debug\WndClass.obj
D:\Desktop\Fasm\Fasm\Debug\cl.command.1.tlog
D:\Desktop\Fasm\Fasm\Debug\CL.read.1.tlog
D:\Desktop\Fasm\Fasm\Debug\CL.read.2.tlog
D:\Desktop\Fasm\Fasm\Debug\CL.read.3.tlog
D:\Desktop\Fasm\Fasm\Debug\CL.read.4.tlog
D:\Desktop\Fasm\Fasm\Debug\CL.read.5.tlog
D:\Desktop\Fasm\Fasm\Debug\CL.write.1.tlog
D:\Desktop\Fasm\Fasm\Debug\link-cvtres.read.1.tlog
D:\Desktop\Fasm\Fasm\Debug\link-cvtres.write.1.tlog
D:\Desktop\Fasm\Fasm\Debug\link-rc.read.1.tlog
D:\Desktop\Fasm\Fasm\Debug\link-rc.write.1.tlog
D:\Desktop\Fasm\Fasm\Debug\link.2104-cvtres.read.1.tlog
D:\Desktop\Fasm\Fasm\Debug\link.2104-cvtres.write.1.tlog
D:\Desktop\Fasm\Fasm\Debug\link.2104-rc.read.1.tlog
D:\Desktop\Fasm\Fasm\Debug\link.2104-rc.write.1.tlog
D:\Desktop\Fasm\Fasm\Debug\link.2104.read.1.tlog
D:\Desktop\Fasm\Fasm\Debug\link.2104.write.1.tlog
D:\Desktop\Fasm\Fasm\Debug\link.2696-cvtres.read.1.tlog
D:\Desktop\Fasm\Fasm\Debug\link.2696-cvtres.write.1.tlog
D:\Desktop\Fasm\Fasm\Debug\link.2696-rc.read.1.tlog
D:\Desktop\Fasm\Fasm\Debug\link.2696-rc.write.1.tlog
D:\Desktop\Fasm\Fasm\Debug\link.2696.read.1.tlog
D:\Desktop\Fasm\Fasm\Debug\link.2696.write.1.tlog
D:\Desktop\Fasm\Fasm\Debug\link.2752-cvtres.read.1.tlog
D:\Desktop\Fasm\Fasm\Debug\link.2752-cvtres.write.1.tlog
D:\Desktop\Fasm\Fasm\Debug\link.2752-rc.read.1.tlog
D:\Desktop\Fasm\Fasm\Debug\link.2752-rc.write.1.tlog
D:\Desktop\Fasm\Fasm\Debug\link.2752.read.1.tlog
D:\Desktop\Fasm\Fasm\Debug\link.2752.write.1.tlog
D:\Desktop\Fasm\Fasm\Debug\link.2884-cvtres.read.1.tlog
D:\Desktop\Fasm\Fasm\Debug\link.2884-cvtres.write.1.tlog
D:\Desktop\Fasm\Fasm\Debug\link.2884-rc.read.1.tlog
D:\Desktop\Fasm\Fasm\Debug\link.2884-rc.write.1.tlog
D:\Desktop\Fasm\Fasm\Debug\link.2884.read.1.tlog
D:\Desktop\Fasm\Fasm\Debug\link.2884.write.1.tlog
D:\Desktop\Fasm\Fasm\Debug\link.2976-cvtres.read.1.tlog
D:\Desktop\Fasm\Fasm\Debug\link.2976-cvtres.write.1.tlog
D:\Desktop\Fasm\Fasm\Debug\link.2976-rc.read.1.tlog
D:\Desktop\Fasm\Fasm\Debug\link.2976-rc.write.1.tlog
D:\Desktop\Fasm\Fasm\Debug\link.2976.read.1.tlog
D:\Desktop\Fasm\Fasm\Debug\link.2976.write.1.tlog
D:\Desktop\Fasm\Fasm\Debug\link.3324-cvtres.read.1.tlog
D:\Desktop\Fasm\Fasm\Debug\link.3324-cvtres.write.1.tlog
D:\Desktop\Fasm\Fasm\Debug\link.3324-rc.read.1.tlog
D:\Desktop\Fasm\Fasm\Debug\link.3324-rc.write.1.tlog
D:\Desktop\Fasm\Fasm\Debug\link.3324.read.1.tlog
D:\Desktop\Fasm\Fasm\Debug\link.3324.write.1.tlog
D:\Desktop\Fasm\Fasm\Debug\link.3376-cvtres.read.1.tlog
D:\Desktop\Fasm\Fasm\Debug\link.3376-cvtres.write.1.tlog
D:\Desktop\Fasm\Fasm\Debug\link.3376-rc.read.1.tlog
D:\Desktop\Fasm\Fasm\Debug\link.3376-rc.write.1.tlog
D:\Desktop\Fasm\Fasm\Debug\link.3376.read.1.tlog
D:\Desktop\Fasm\Fasm\Debug\link.3376.write.1.tlog
D:\Desktop\Fasm\Fasm\Debug\link.3564-cvtres.read.1.tlog
D:\Desktop\Fasm\Fasm\Debug\link.3564-cvtres.write.1.tlog
D:\Desktop\Fasm\Fasm\Debug\link.3564-rc.read.1.tlog
D:\Desktop\Fasm\Fasm\Debug\link.3564-rc.write.1.tlog
D:\Desktop\Fasm\Fasm\Debug\link.3564.read.1.tlog
D:\Desktop\Fasm\Fasm\Debug\link.3564.write.1.tlog
D:\Desktop\Fasm\Fasm\Debug\link.3940-cvtres.read.1.tlog
D:\Desktop\Fasm\Fasm\Debug\link.3940-cvtres.write.1.tlog
D:\Desktop\Fasm\Fasm\Debug\link.3940-rc.read.1.tlog
D:\Desktop\Fasm\Fasm\Debug\link.3940-rc.write.1.tlog
D:\Desktop\Fasm\Fasm\Debug\link.3940.read.1.tlog
D:\Desktop\Fasm\Fasm\Debug\link.3940.write.1.tlog
D:\Desktop\Fasm\Fasm\Debug\link.4016-cvtres.read.1.tlog
D:\Desktop\Fasm\Fasm\Debug\link.4016-cvtres.write.1.tlog
D:\Desktop\Fasm\Fasm\Debug\link.4016-rc.read.1.tlog
D:\Desktop\Fasm\Fasm\Debug\link.4016-rc.write.1.tlog
D:\Desktop\Fasm\Fasm\Debug\link.4016.read.1.tlog
D:\Desktop\Fasm\Fasm\Debug\link.4016.write.1.tlog
D:\Desktop\Fasm\Fasm\Debug\link.432-cvtres.read.1.tlog
D:\Desktop\Fasm\Fasm\Debug\link.432-cvtres.write.1.tlog
D:\Desktop\Fasm\Fasm\Debug\link.432-rc.read.1.tlog
D:\Desktop\Fasm\Fasm\Debug\link.432-rc.write.1.tlog
D:\Desktop\Fasm\Fasm\Debug\link.432.read.1.tlog
D:\Desktop\Fasm\Fasm\Debug\link.432.write.1.tlog
D:\Desktop\Fasm\Fasm\Debug\link.4320-cvtres.read.1.tlog
D:\Desktop\Fasm\Fasm\Debug\link.4320-cvtres.write.1.tlog
D:\Desktop\Fasm\Fasm\Debug\link.4320-rc.read.1.tlog
D:\Desktop\Fasm\Fasm\Debug\link.4320-rc.write.1.tlog
D:\Desktop\Fasm\Fasm\Debug\link.4320.read.1.tlog
D:\Desktop\Fasm\Fasm\Debug\link.4320.write.1.tlog
D:\Desktop\Fasm\Fasm\Debug\link.4364-cvtres.read.1.tlog
D:\Desktop\Fasm\Fasm\Debug\link.4364-cvtres.write.1.tlog
D:\Desktop\Fasm\Fasm\Debug\link.4364-rc.read.1.tlog
D:\Desktop\Fasm\Fasm\Debug\link.4364-rc.write.1.tlog
D:\Desktop\Fasm\Fasm\Debug\link.4364.read.1.tlog
D:\Desktop\Fasm\Fasm\Debug\link.4364.write.1.tlog
D:\Desktop\Fasm\Fasm\Debug\link.4436-cvtres.read.1.tlog
D:\Desktop\Fasm\Fasm\Debug\link.4436-cvtres.write.1.tlog
D:\Desktop\Fasm\Fasm\Debug\link.4436-rc.read.1.tlog
D:\Desktop\Fasm\Fasm\Debug\link.4436-rc.write.1.tlog
D:\Desktop\Fasm\Fasm\Debug\link.4436.read.1.tlog
D:\Desktop\Fasm\Fasm\Debug\link.4436.write.1.tlog
D:\Desktop\Fasm\Fasm\Debug\link.4640-cvtres.read.1.tlog
D:\Desktop\Fasm\Fasm\Debug\link.4640-cvtres.write.1.tlog
D:\Desktop\Fasm\Fasm\Debug\link.4640-rc.read.1.tlog
D:\Desktop\Fasm\Fasm\Debug\link.4640-rc.write.1.tlog
D:\Desktop\Fasm\Fasm\Debug\link.4640.read.1.tlog
D:\Desktop\Fasm\Fasm\Debug\link.4640.write.1.tlog
D:\Desktop\Fasm\Fasm\Debug\link.4888-cvtres.read.1.tlog
D:\Desktop\Fasm\Fasm\Debug\link.4888-cvtres.write.1.tlog
D:\Desktop\Fasm\Fasm\Debug\link.4888-rc.read.1.tlog
D:\Desktop\Fasm\Fasm\Debug\link.4888-rc.write.1.tlog
D:\Desktop\Fasm\Fasm\Debug\link.4888.read.1.tlog
D:\Desktop\Fasm\Fasm\Debug\link.4888.write.1.tlog
D:\Desktop\Fasm\Fasm\Debug\link.6500-cvtres.read.1.tlog
D:\Desktop\Fasm\Fasm\Debug\link.6500-cvtres.write.1.tlog
D:\Desktop\Fasm\Fasm\Debug\link.6500-rc.read.1.tlog
D:\Desktop\Fasm\Fasm\Debug\link.6500-rc.write.1.tlog
D:\Desktop\Fasm\Fasm\Debug\link.6500.read.1.tlog
D:\Desktop\Fasm\Fasm\Debug\link.6500.write.1.tlog
D:\Desktop\Fasm\Fasm\Debug\link.6692-cvtres.read.1.tlog
D:\Desktop\Fasm\Fasm\Debug\link.6692-cvtres.write.1.tlog
D:\Desktop\Fasm\Fasm\Debug\link.6692-rc.read.1.tlog
D:\Desktop\Fasm\Fasm\Debug\link.6692-rc.write.1.tlog
D:\Desktop\Fasm\Fasm\Debug\link.6692.read.1.tlog
D:\Desktop\Fasm\Fasm\Debug\link.6692.write.1.tlog
D:\Desktop\Fasm\Fasm\Debug\link.7132-cvtres.read.1.tlog
D:\Desktop\Fasm\Fasm\Debug\link.7132-cvtres.write.1.tlog
D:\Desktop\Fasm\Fasm\Debug\link.7132-rc.read.1.tlog
D:\Desktop\Fasm\Fasm\Debug\link.7132-rc.write.1.tlog
D:\Desktop\Fasm\Fasm\Debug\link.7132.read.1.tlog
D:\Desktop\Fasm\Fasm\Debug\link.7132.write.1.tlog
D:\Desktop\Fasm\Fasm\Debug\link.760-cvtres.read.1.tlog
D:\Desktop\Fasm\Fasm\Debug\link.760-cvtres.write.1.tlog
D:\Desktop\Fasm\Fasm\Debug\link.760-rc.read.1.tlog
D:\Desktop\Fasm\Fasm\Debug\link.760-rc.write.1.tlog
D:\Desktop\Fasm\Fasm\Debug\link.760.read.1.tlog
D:\Desktop\Fasm\Fasm\Debug\link.760.write.1.tlog
D:\Desktop\Fasm\Fasm\Debug\link.928-cvtres.read.1.tlog
D:\Desktop\Fasm\Fasm\Debug\link.928-cvtres.write.1.tlog
D:\Desktop\Fasm\Fasm\Debug\link.928-rc.read.1.tlog
D:\Desktop\Fasm\Fasm\Debug\link.928-rc.write.1.tlog
D:\Desktop\Fasm\Fasm\Debug\link.928.read.1.tlog
D:\Desktop\Fasm\Fasm\Debug\link.928.write.1.tlog
D:\Desktop\Fasm\Fasm\Debug\link.command.1.tlog
D:\Desktop\Fasm\Fasm\Debug\link.read.1.tlog
D:\Desktop\Fasm\Fasm\Debug\link.write.1.tlog
D:\Desktop\Fasm\Fasm\Debug\rc.command.1.tlog
D:\Desktop\Fasm\Fasm\Debug\rc.read.1.tlog
D:\Desktop\Fasm\Fasm\Debug\rc.write.1.tlog
D:\Desktop\Fasm\Fasm\Debug\Main_RCFile.res
D:\Desktop\Fasm\Fasm\Debug\vc110.idb
D:\Desktop\Fasm\Fasm\Debug\vc110.pdb
D:\Desktop\Fasm\Debug\JaeEditor.pdb
D:\Desktop\Fasm\Debug\JaeEditor.exe
D:\Desktop\Fasm\Debug\JaeEditor.ilk
