D:\DESKTOP\FASM\FASM\RELEASE\WNDCLASS.OBJ
D:\DESKTOP\FASM\FASM\RELEASE\READINGINIFILE.OBJ
D:\DESKTOP\FASM\FASM\RELEASE\OPERATIONSONSELECTEDLINES.OBJ
D:\DESKTOP\FASM\FASM\RELEASE\MAIN.OBJ
D:\DESKTOP\FASM\FASM\RELEASE\VC110.PDB
D:\DESKTOP\FASM\RELEASE\JAEEDITOR.EXE
D:\DESKTOP\FASM\RELEASE\JAEEDITOR.PDB
D:\DESKTOP\FASM\FASM\RELEASE\MAIN_RCFILE.RES
D:\Desktop\Fasm\Fasm\Release\Main.obj
D:\Desktop\Fasm\Fasm\Release\OperationsOnSelectedLines.obj
D:\Desktop\Fasm\Fasm\Release\ReadingIniFile.obj
D:\Desktop\Fasm\Fasm\Release\WndClass.obj
D:\Desktop\Fasm\Fasm\Release\cl.command.1.tlog
D:\Desktop\Fasm\Fasm\Release\CL.read.1.tlog
D:\Desktop\Fasm\Fasm\Release\CL.write.1.tlog
D:\Desktop\Fasm\Fasm\Release\link-cvtres.read.1.tlog
D:\Desktop\Fasm\Fasm\Release\link-cvtres.write.1.tlog
D:\Desktop\Fasm\Fasm\Release\link-rc.read.1.tlog
D:\Desktop\Fasm\Fasm\Release\link-rc.write.1.tlog
D:\Desktop\Fasm\Fasm\Release\link.command.1.tlog
D:\Desktop\Fasm\Fasm\Release\link.read.1.tlog
D:\Desktop\Fasm\Fasm\Release\link.read.2.tlog
D:\Desktop\Fasm\Fasm\Release\link.write.1.tlog
D:\Desktop\Fasm\Fasm\Release\rc.command.1.tlog
D:\Desktop\Fasm\Fasm\Release\rc.read.1.tlog
D:\Desktop\Fasm\Fasm\Release\rc.write.1.tlog
D:\Desktop\Fasm\Fasm\Release\Main_RCFile.res
D:\Desktop\Fasm\Fasm\Release\vc110.pdb
D:\Desktop\Fasm\Release\JaeEditor.pdb
D:\Desktop\Fasm\Release\JaeEditor.exe
